[13-Dec-2018 07:18:42 UTC] PHP Fatal error:  Uncaught exception 'PDOException' with message 'SQLSTATE[42000]: Syntax error or access violation: 1064 You have an error in your SQL syntax; check the manual that corresponds to your MySQL server version for the right syntax to use near '' at line 3' in /home/ubuntu/workspace/cst352/final/api/getHeroInfo.php:17
Stack trace:
#0 /home/ubuntu/workspace/cst352/final/api/getHeroInfo.php(17): PDOStatement->execute()
#1 /home/ubuntu/workspace/cst352/final/api/getHeroInfo.php(23): displayHero()
#2 {main}
  thrown in /home/ubuntu/workspace/cst352/final/api/getHeroInfo.php on line 17
[13-Dec-2018 07:20:08 UTC] PHP Fatal error:  Uncaught exception 'PDOException' with message 'SQLSTATE[42000]: Syntax error or access violation: 1064 You have an error in your SQL syntax; check the manual that corresponds to your MySQL server version for the right syntax to use near '' at line 3' in /home/ubuntu/workspace/cst352/final/api/getHeroInfo.php:17
Stack trace:
#0 /home/ubuntu/workspace/cst352/final/api/getHeroInfo.php(17): PDOStatement->execute()
#1 /home/ubuntu/workspace/cst352/final/api/getHeroInfo.php(23): displayHero()
#2 {main}
  thrown in /home/ubuntu/workspace/cst352/final/api/getHeroInfo.php on line 17
[13-Dec-2018 07:20:10 UTC] PHP Fatal error:  Uncaught exception 'PDOException' with message 'SQLSTATE[42000]: Syntax error or access violation: 1064 You have an error in your SQL syntax; check the manual that corresponds to your MySQL server version for the right syntax to use near '' at line 3' in /home/ubuntu/workspace/cst352/final/api/getHeroInfo.php:17
Stack trace:
#0 /home/ubuntu/workspace/cst352/final/api/getHeroInfo.php(17): PDOStatement->execute()
#1 /home/ubuntu/workspace/cst352/final/api/getHeroInfo.php(23): displayHero()
#2 {main}
  thrown in /home/ubuntu/workspace/cst352/final/api/getHeroInfo.php on line 17
[13-Dec-2018 07:20:12 UTC] PHP Fatal error:  Uncaught exception 'PDOException' with message 'SQLSTATE[42000]: Syntax error or access violation: 1064 You have an error in your SQL syntax; check the manual that corresponds to your MySQL server version for the right syntax to use near '' at line 3' in /home/ubuntu/workspace/cst352/final/api/getHeroInfo.php:17
Stack trace:
#0 /home/ubuntu/workspace/cst352/final/api/getHeroInfo.php(17): PDOStatement->execute()
#1 /home/ubuntu/workspace/cst352/final/api/getHeroInfo.php(23): displayHero()
#2 {main}
  thrown in /home/ubuntu/workspace/cst352/final/api/getHeroInfo.php on line 17
[13-Dec-2018 07:20:39 UTC] PHP Fatal error:  Uncaught exception 'PDOException' with message 'SQLSTATE[42000]: Syntax error or access violation: 1064 You have an error in your SQL syntax; check the manual that corresponds to your MySQL server version for the right syntax to use near '' at line 3' in /home/ubuntu/workspace/cst352/final/api/getHeroInfo.php:17
Stack trace:
#0 /home/ubuntu/workspace/cst352/final/api/getHeroInfo.php(17): PDOStatement->execute()
#1 /home/ubuntu/workspace/cst352/final/api/getHeroInfo.php(23): displayHero()
#2 {main}
  thrown in /home/ubuntu/workspace/cst352/final/api/getHeroInfo.php on line 17
[13-Dec-2018 07:21:02 UTC] PHP Fatal error:  Uncaught exception 'PDOException' with message 'SQLSTATE[42000]: Syntax error or access violation: 1064 You have an error in your SQL syntax; check the manual that corresponds to your MySQL server version for the right syntax to use near '' at line 3' in /home/ubuntu/workspace/cst352/final/api/getHeroInfo.php:17
Stack trace:
#0 /home/ubuntu/workspace/cst352/final/api/getHeroInfo.php(17): PDOStatement->execute()
#1 /home/ubuntu/workspace/cst352/final/api/getHeroInfo.php(23): displayHero()
#2 {main}
  thrown in /home/ubuntu/workspace/cst352/final/api/getHeroInfo.php on line 17
[13-Dec-2018 07:22:52 UTC] PHP Fatal error:  Uncaught exception 'PDOException' with message 'SQLSTATE[42000]: Syntax error or access violation: 1064 You have an error in your SQL syntax; check the manual that corresponds to your MySQL server version for the right syntax to use near '' at line 3' in /home/ubuntu/workspace/cst352/final/api/getHeroInfo.php:17
Stack trace:
#0 /home/ubuntu/workspace/cst352/final/api/getHeroInfo.php(17): PDOStatement->execute()
#1 /home/ubuntu/workspace/cst352/final/api/getHeroInfo.php(23): displayHero()
#2 {main}
  thrown in /home/ubuntu/workspace/cst352/final/api/getHeroInfo.php on line 17
[13-Dec-2018 07:23:12 UTC] PHP Fatal error:  Uncaught exception 'PDOException' with message 'SQLSTATE[42000]: Syntax error or access violation: 1064 You have an error in your SQL syntax; check the manual that corresponds to your MySQL server version for the right syntax to use near '' at line 3' in /home/ubuntu/workspace/cst352/final/api/getHeroInfo.php:17
Stack trace:
#0 /home/ubuntu/workspace/cst352/final/api/getHeroInfo.php(17): PDOStatement->execute()
#1 /home/ubuntu/workspace/cst352/final/api/getHeroInfo.php(23): displayHero()
#2 {main}
  thrown in /home/ubuntu/workspace/cst352/final/api/getHeroInfo.php on line 17
[13-Dec-2018 07:23:51 UTC] PHP Fatal error:  Uncaught exception 'PDOException' with message 'SQLSTATE[42000]: Syntax error or access violation: 1064 You have an error in your SQL syntax; check the manual that corresponds to your MySQL server version for the right syntax to use near '' at line 3' in /home/ubuntu/workspace/cst352/final/api/getHeroInfo.php:17
Stack trace:
#0 /home/ubuntu/workspace/cst352/final/api/getHeroInfo.php(17): PDOStatement->execute()
#1 /home/ubuntu/workspace/cst352/final/api/getHeroInfo.php(23): displayHero()
#2 {main}
  thrown in /home/ubuntu/workspace/cst352/final/api/getHeroInfo.php on line 17
[13-Dec-2018 07:23:53 UTC] PHP Fatal error:  Uncaught exception 'PDOException' with message 'SQLSTATE[42000]: Syntax error or access violation: 1064 You have an error in your SQL syntax; check the manual that corresponds to your MySQL server version for the right syntax to use near '' at line 3' in /home/ubuntu/workspace/cst352/final/api/getHeroInfo.php:17
Stack trace:
#0 /home/ubuntu/workspace/cst352/final/api/getHeroInfo.php(17): PDOStatement->execute()
#1 /home/ubuntu/workspace/cst352/final/api/getHeroInfo.php(23): displayHero()
#2 {main}
  thrown in /home/ubuntu/workspace/cst352/final/api/getHeroInfo.php on line 17
[13-Dec-2018 07:24:02 UTC] PHP Fatal error:  Uncaught exception 'PDOException' with message 'SQLSTATE[42000]: Syntax error or access violation: 1064 You have an error in your SQL syntax; check the manual that corresponds to your MySQL server version for the right syntax to use near '' at line 3' in /home/ubuntu/workspace/cst352/final/api/getHeroInfo.php:17
Stack trace:
#0 /home/ubuntu/workspace/cst352/final/api/getHeroInfo.php(17): PDOStatement->execute()
#1 /home/ubuntu/workspace/cst352/final/api/getHeroInfo.php(23): displayHero()
#2 {main}
  thrown in /home/ubuntu/workspace/cst352/final/api/getHeroInfo.php on line 17
[13-Dec-2018 07:26:49 UTC] PHP Fatal error:  Uncaught exception 'PDOException' with message 'SQLSTATE[42000]: Syntax error or access violation: 1064 You have an error in your SQL syntax; check the manual that corresponds to your MySQL server version for the right syntax to use near '' at line 3' in /home/ubuntu/workspace/cst352/final/api/getHeroInfo.php:17
Stack trace:
#0 /home/ubuntu/workspace/cst352/final/api/getHeroInfo.php(17): PDOStatement->execute()
#1 /home/ubuntu/workspace/cst352/final/api/getHeroInfo.php(23): displayHero()
#2 {main}
  thrown in /home/ubuntu/workspace/cst352/final/api/getHeroInfo.php on line 17
[13-Dec-2018 17:50:20 UTC] PHP Warning:  include(../sqlConnection.php): failed to open stream: No such file or directory in /home/ubuntu/workspace/cst352/final/api/getHeroInfo.php on line 2
[13-Dec-2018 17:50:20 UTC] PHP Stack trace:
[13-Dec-2018 17:50:20 UTC] PHP   1. {main}() /home/ubuntu/workspace/cst352/final/api/getHeroInfo.php:0
[13-Dec-2018 17:50:20 UTC] PHP Warning:  include(): Failed opening '../sqlConnection.php' for inclusion (include_path='.:/usr/share/php:/usr/share/pear') in /home/ubuntu/workspace/cst352/final/api/getHeroInfo.php on line 2
[13-Dec-2018 17:50:20 UTC] PHP Stack trace:
[13-Dec-2018 17:50:20 UTC] PHP   1. {main}() /home/ubuntu/workspace/cst352/final/api/getHeroInfo.php:0
[13-Dec-2018 17:50:20 UTC] PHP Fatal error:  Call to undefined function getConnection() in /home/ubuntu/workspace/cst352/final/api/getHeroInfo.php on line 3
[13-Dec-2018 17:50:20 UTC] PHP Stack trace:
[13-Dec-2018 17:50:20 UTC] PHP   1. {main}() /home/ubuntu/workspace/cst352/final/api/getHeroInfo.php:0
[13-Dec-2018 17:55:13 UTC] PHP Warning:  include(../sqlConnection.php): failed to open stream: No such file or directory in /home/ubuntu/workspace/cst352/final/api/getHeroInfo.php on line 2
[13-Dec-2018 17:55:13 UTC] PHP Stack trace:
[13-Dec-2018 17:55:13 UTC] PHP   1. {main}() /home/ubuntu/workspace/cst352/final/api/getHeroInfo.php:0
[13-Dec-2018 17:55:13 UTC] PHP Warning:  include(): Failed opening '../sqlConnection.php' for inclusion (include_path='.:/usr/share/php:/usr/share/pear') in /home/ubuntu/workspace/cst352/final/api/getHeroInfo.php on line 2
[13-Dec-2018 17:55:13 UTC] PHP Stack trace:
[13-Dec-2018 17:55:13 UTC] PHP   1. {main}() /home/ubuntu/workspace/cst352/final/api/getHeroInfo.php:0
[13-Dec-2018 17:55:13 UTC] PHP Fatal error:  Call to undefined function getConnection() in /home/ubuntu/workspace/cst352/final/api/getHeroInfo.php on line 3
[13-Dec-2018 17:55:13 UTC] PHP Stack trace:
[13-Dec-2018 17:55:13 UTC] PHP   1. {main}() /home/ubuntu/workspace/cst352/final/api/getHeroInfo.php:0
